<?xml version="1.0" encoding="UTF-8"?>
<testsuite name="VenueTest" tests="2" skipped="0" failures="0" errors="0" timestamp="2016-05-13T01:01:39" hostname="Justins-MacBook-Pro.local" time="0.015">
  <properties/>
  <testcase name="methods_getsAllInfo_true" classname="VenueTest" time="0.009"/>
  <testcase name="Review_instantiatesCorrectly_true" classname="VenueTest" time="0.006"/>
  <system-out><![CDATA[]]></system-out>
  <system-err><![CDATA[]]></system-err>
</testsuite>
