<?xml version="1.0" encoding="UTF-8"?>
<testsuite name="BandTest" tests="2" skipped="0" failures="0" errors="0" timestamp="2016-05-13T01:01:39" hostname="Justins-MacBook-Pro.local" time="0.128">
  <properties/>
  <testcase name="methods_getsAllInfo_true" classname="BandTest" time="0.119"/>
  <testcase name="Recipe_instantiatesCorrectly_true" classname="BandTest" time="0.009"/>
  <system-out><![CDATA[]]></system-out>
  <system-err><![CDATA[]]></system-err>
</testsuite>
