<?xml version="1.0" encoding="UTF-8"?>
<testsuite name="VenueTest" tests="6" skipped="0" failures="0" errors="0" timestamp="2016-05-13T02:41:29" hostname="Justins-MacBook-Pro.local" time="0.236">
  <properties/>
  <testcase name="find_VenueIsFoundById_true" classname="VenueTest" time="0.117"/>
  <testcase name="equals_returnsTrueIRecipesAretheSame" classname="VenueTest" time="0.016"/>
  <testcase name="methods_getsAllInfo_true" classname="VenueTest" time="0.017"/>
  <testcase name="all_emptyAtFirst" classname="VenueTest" time="0.033"/>
  <testcase name="Review_instantiatesCorrectly_true" classname="VenueTest" time="0.013"/>
  <testcase name="save_VenueIsSavedWithAnId_int" classname="VenueTest" time="0.037"/>
  <system-out><![CDATA[]]></system-out>
  <system-err><![CDATA[]]></system-err>
</testsuite>
