<?xml version="1.0" encoding="UTF-8"?>
<testsuite name="VenueTest" tests="6" skipped="0" failures="0" errors="0" timestamp="2016-05-13T03:04:09" hostname="Justins-MacBook-Pro.local" time="0.074">
  <properties/>
  <testcase name="find_VenueIsFoundById_true" classname="VenueTest" time="0.021"/>
  <testcase name="equals_returnsTrueIRecipesAretheSame" classname="VenueTest" time="0.008"/>
  <testcase name="methods_getsAllInfo_true" classname="VenueTest" time="0.007"/>
  <testcase name="all_emptyAtFirst" classname="VenueTest" time="0.011"/>
  <testcase name="Review_instantiatesCorrectly_true" classname="VenueTest" time="0.006"/>
  <testcase name="save_VenueIsSavedWithAnId_int" classname="VenueTest" time="0.018"/>
  <system-out><![CDATA[]]></system-out>
  <system-err><![CDATA[]]></system-err>
</testsuite>
