<?xml version="1.0" encoding="UTF-8"?>
<testsuite name="BandTest" tests="9" skipped="0" failures="0" errors="0" timestamp="2016-05-17T19:20:28" hostname="epicodus-55.local" time="0.114">
  <properties/>
  <testcase name="save_bandIsSavedWithAnId_true" classname="BandTest" time="0.015"/>
  <testcase name="equals_returnsTrueIRecipesAretheSame" classname="BandTest" time="0.006"/>
  <testcase name="methods_getsAllInfo_true" classname="BandTest" time="0.006"/>
  <testcase name="all_emptyAtFirst" classname="BandTest" time="0.008"/>
  <testcase name="addVenue_addsVenueToBand_true" classname="BandTest" time="0.022"/>
  <testcase name="find_bandIsFoundWithId_true" classname="BandTest" time="0.013"/>
  <testcase name="delete_deletesBandFromDatabase_true" classname="BandTest" time="0.017"/>
  <testcase name="Recipe_instantiatesCorrectly_true" classname="BandTest" time="0.005"/>
  <testcase name="update_updatesTaskDescription_true" classname="BandTest" time="0.019"/>
  <system-out><![CDATA[]]></system-out>
  <system-err><![CDATA[]]></system-err>
</testsuite>
