<?xml version="1.0" encoding="UTF-8"?>
<testsuite name="BandTest" tests="6" skipped="0" failures="0" errors="0" timestamp="2016-05-13T03:04:08" hostname="Justins-MacBook-Pro.local" time="0.213">
  <properties/>
  <testcase name="save_bandIsSavedWithAnId_true" classname="BandTest" time="0.152"/>
  <testcase name="equals_returnsTrueIRecipesAretheSame" classname="BandTest" time="0.007"/>
  <testcase name="methods_getsAllInfo_true" classname="BandTest" time="0.009"/>
  <testcase name="all_emptyAtFirst" classname="BandTest" time="0.011"/>
  <testcase name="find_bandIsFoundWithId_true" classname="BandTest" time="0.02"/>
  <testcase name="Recipe_instantiatesCorrectly_true" classname="BandTest" time="0.013"/>
  <system-out><![CDATA[]]></system-out>
  <system-err><![CDATA[]]></system-err>
</testsuite>
